<?xml version="1.0" encoding="UTF-8"?>
<testng-results ignored="0" total="1" passed="1" failed="0" skipped="0">
  <reporter-output>
  </reporter-output>
  <suite started-at="2023-02-28T09:02:41 CET" name="Suite" finished-at="2023-02-28T09:02:48 CET" duration-ms="7048">
    <groups>
      <group name="cucumber">
        <method signature="AbstractTestNGCucumberTests.runScenario(io.cucumber.testng.PickleWrapper, io.cucumber.testng.FeatureWrapper)[pri:0, instance:pipelineTest3.pipelineTest3.Runner3@156b88f5]" name="runScenario" class="io.cucumber.testng.AbstractTestNGCucumberTests"/>
      </group> <!-- cucumber -->
    </groups>
    <test started-at="2023-02-28T09:02:41 CET" name="Test" finished-at="2023-02-28T09:02:48 CET" duration-ms="7048">
      <class name="pipelineTest3.pipelineTest3.Runner3">
        <test-method is-config="true" signature="setUpClass()[pri:0, instance:pipelineTest3.pipelineTest3.Runner3@156b88f5]" started-at="2023-02-28T09:02:41 CET" name="setUpClass" finished-at="2023-02-28T09:02:41 CET" duration-ms="425" status="PASS">
          <reporter-output>
          </reporter-output>
        </test-method> <!-- setUpClass -->
        <test-method signature="runScenario(io.cucumber.testng.PickleWrapper, io.cucumber.testng.FeatureWrapper)[pri:0, instance:pipelineTest3.pipelineTest3.Runner3@156b88f5]" started-at="2023-02-28T09:02:41 CET" name="runScenario" description="Runs Cucumber Scenarios" data-provider="scenarios" finished-at="2023-02-28T09:02:48 CET" duration-ms="6333" status="PASS">
          <params>
            <param index="0">
              <value>
                <![CDATA["verify when login with invalid credentials"]]>
              </value>
            </param>
            <param index="1">
              <value>
                <![CDATA["Optional[Login functionality of website automation exercise]"]]>
              </value>
            </param>
          </params>
          <reporter-output>
          </reporter-output>
        </test-method> <!-- runScenario -->
        <test-method is-config="true" signature="tearDownClass()[pri:0, instance:pipelineTest3.pipelineTest3.Runner3@156b88f5]" started-at="2023-02-28T09:02:48 CET" name="tearDownClass" finished-at="2023-02-28T09:02:48 CET" duration-ms="263" status="PASS">
          <reporter-output>
          </reporter-output>
        </test-method> <!-- tearDownClass -->
      </class> <!-- pipelineTest3.pipelineTest3.Runner3 -->
    </test> <!-- Test -->
  </suite> <!-- Suite -->
</testng-results>
